Aug 25, 2014 1:14:32 AM org.apache.solr.servlet.SolrDispatchFilter init
INFO: SolrDispatchFilter.init()
Aug 25, 2014 1:14:32 AM org.apache.solr.core.SolrResourceLoader locateSolrHome
INFO: JNDI not configured for solr (NoInitialContextEx)
Aug 25, 2014 1:14:32 AM org.apache.solr.core.SolrResourceLoader locateSolrHome
INFO: using system property solr.solr.home: /Users/dbell/work/scheduler/solr
Aug 25, 2014 1:14:32 AM org.apache.solr.core.CoreContainer$Initializer initialize
INFO: looking for solr.xml: /Users/dbell/work/scheduler/solr/solr.xml
Aug 25, 2014 1:14:32 AM org.apache.solr.core.CoreContainer <init>
INFO: New CoreContainer 449580545
Aug 25, 2014 1:14:32 AM org.apache.solr.core.CoreContainer load
INFO: Loading CoreContainer using Solr Home: '/Users/dbell/work/scheduler/solr/'
Aug 25, 2014 1:14:32 AM org.apache.solr.core.SolrResourceLoader <init>
INFO: new SolrResourceLoader for directory: '/Users/dbell/work/scheduler/solr/'
Aug 25, 2014 1:14:33 AM org.apache.solr.handler.component.HttpShardHandlerFactory getParameter
INFO: Setting socketTimeout to: 0
Aug 25, 2014 1:14:33 AM org.apache.solr.handler.component.HttpShardHandlerFactory getParameter
INFO: Setting urlScheme to: http://
Aug 25, 2014 1:14:33 AM org.apache.solr.handler.component.HttpShardHandlerFactory getParameter
INFO: Setting connTimeout to: 0
Aug 25, 2014 1:14:33 AM org.apache.solr.handler.component.HttpShardHandlerFactory getParameter
INFO: Setting maxConnectionsPerHost to: 20
Aug 25, 2014 1:14:33 AM org.apache.solr.handler.component.HttpShardHandlerFactory getParameter
INFO: Setting corePoolSize to: 0
Aug 25, 2014 1:14:33 AM org.apache.solr.handler.component.HttpShardHandlerFactory getParameter
INFO: Setting maximumPoolSize to: 2147483647
Aug 25, 2014 1:14:33 AM org.apache.solr.handler.component.HttpShardHandlerFactory getParameter
INFO: Setting maxThreadIdleTime to: 5
Aug 25, 2014 1:14:33 AM org.apache.solr.handler.component.HttpShardHandlerFactory getParameter
INFO: Setting sizeOfQueue to: -1
Aug 25, 2014 1:14:33 AM org.apache.solr.handler.component.HttpShardHandlerFactory getParameter
INFO: Setting fairnessPolicy to: false
Aug 25, 2014 1:14:33 AM org.apache.solr.client.solrj.impl.HttpClientUtil createClient
INFO: Creating new http client, config:maxConnectionsPerHost=20&maxConnections=10000&socketTimeout=0&connTimeout=0&retry=false
Aug 25, 2014 1:14:33 AM org.apache.solr.core.CoreContainer load
INFO: Registering Log Listener
Aug 25, 2014 1:14:33 AM org.apache.solr.core.CoreContainer create
INFO: Creating SolrCore 'default' using instanceDir: /Users/dbell/work/scheduler/solr/.
Aug 25, 2014 1:14:33 AM org.apache.solr.core.SolrResourceLoader <init>
INFO: new SolrResourceLoader for directory: '/Users/dbell/work/scheduler/solr/./'
Aug 25, 2014 1:14:33 AM org.apache.solr.core.CoreContainer create
INFO: Creating SolrCore 'development' using instanceDir: /Users/dbell/work/scheduler/solr/.
Aug 25, 2014 1:14:33 AM org.apache.solr.core.SolrResourceLoader <init>
INFO: new SolrResourceLoader for directory: '/Users/dbell/work/scheduler/solr/./'
Aug 25, 2014 1:14:33 AM org.apache.solr.core.CoreContainer create
INFO: Creating SolrCore 'test' using instanceDir: /Users/dbell/work/scheduler/solr/.
Aug 25, 2014 1:14:33 AM org.apache.solr.core.SolrResourceLoader <init>
INFO: new SolrResourceLoader for directory: '/Users/dbell/work/scheduler/solr/./'
Aug 25, 2014 1:14:34 AM org.apache.solr.core.SolrConfig <init>
INFO: Using Lucene MatchVersion: LUCENE_41
Aug 25, 2014 1:14:34 AM org.apache.solr.core.SolrConfig <init>
INFO: Using Lucene MatchVersion: LUCENE_41
Aug 25, 2014 1:14:34 AM org.apache.solr.core.SolrConfig <init>
INFO: Using Lucene MatchVersion: LUCENE_41
Aug 25, 2014 1:14:34 AM org.apache.solr.core.SolrConfig <init>
INFO: Loaded SolrConfig: solrconfig.xml
Aug 25, 2014 1:14:34 AM org.apache.solr.schema.IndexSchema readSchema
INFO: Reading Solr Schema
Aug 25, 2014 1:14:34 AM org.apache.solr.core.SolrConfig <init>
INFO: Loaded SolrConfig: solrconfig.xml
Aug 25, 2014 1:14:34 AM org.apache.solr.core.SolrConfig <init>
INFO: Loaded SolrConfig: solrconfig.xml
Aug 25, 2014 1:14:34 AM org.apache.solr.schema.IndexSchema readSchema
INFO: Reading Solr Schema
Aug 25, 2014 1:14:34 AM org.apache.solr.schema.IndexSchema readSchema
INFO: Reading Solr Schema
Aug 25, 2014 1:14:34 AM org.apache.solr.schema.IndexSchema readSchema
INFO: Schema name=sunspot
Aug 25, 2014 1:14:34 AM org.apache.solr.schema.IndexSchema readSchema
INFO: Schema name=sunspot
Aug 25, 2014 1:14:34 AM org.apache.solr.schema.IndexSchema readSchema
INFO: Schema name=sunspot
Aug 25, 2014 1:14:34 AM org.apache.solr.schema.IndexSchema readSchema
INFO: default search field in schema is text
Aug 25, 2014 1:14:34 AM org.apache.solr.schema.IndexSchema readSchema
INFO: query parser default operator is AND
Aug 25, 2014 1:14:34 AM org.apache.solr.schema.IndexSchema readSchema
INFO: default search field in schema is text
Aug 25, 2014 1:14:34 AM org.apache.solr.schema.IndexSchema readSchema
INFO: query parser default operator is AND
Aug 25, 2014 1:14:34 AM org.apache.solr.schema.IndexSchema readSchema
INFO: unique key field: id
Aug 25, 2014 1:14:34 AM org.apache.solr.schema.IndexSchema readSchema
INFO: unique key field: id
Aug 25, 2014 1:14:34 AM org.apache.solr.schema.IndexSchema readSchema
INFO: default search field in schema is text
Aug 25, 2014 1:14:34 AM org.apache.solr.schema.IndexSchema readSchema
INFO: query parser default operator is AND
Aug 25, 2014 1:14:34 AM org.apache.solr.schema.IndexSchema readSchema
INFO: unique key field: id
Aug 25, 2014 1:14:34 AM org.apache.solr.core.SolrCore <init>
INFO: [test] Opening new SolrCore at /Users/dbell/work/scheduler/solr/./, dataDir=/Users/dbell/work/scheduler/solr/./test/data/
Aug 25, 2014 1:14:34 AM org.apache.solr.core.SolrCore <init>
INFO: [default] Opening new SolrCore at /Users/dbell/work/scheduler/solr/./, dataDir=/Users/dbell/work/scheduler/solr/./default/data/
Aug 25, 2014 1:14:34 AM org.apache.solr.core.SolrCore <init>
INFO: [development] Opening new SolrCore at /Users/dbell/work/scheduler/solr/./, dataDir=/Users/dbell/work/scheduler/solr/./development/data/
Aug 25, 2014 1:14:34 AM org.apache.solr.core.SolrCore <init>
INFO: JMX monitoring not detected for core: default
Aug 25, 2014 1:14:34 AM org.apache.solr.core.SolrCore <init>
INFO: JMX monitoring not detected for core: test
Aug 25, 2014 1:14:34 AM org.apache.solr.core.SolrCore <init>
INFO: JMX monitoring not detected for core: development
Aug 25, 2014 1:14:34 AM org.apache.solr.core.SolrCore initDirectoryFactory
INFO: solr.NRTCachingDirectoryFactory
Aug 25, 2014 1:14:34 AM org.apache.solr.core.SolrCore initDirectoryFactory
INFO: solr.NRTCachingDirectoryFactory
Aug 25, 2014 1:14:34 AM org.apache.solr.core.SolrCore initDirectoryFactory
INFO: solr.NRTCachingDirectoryFactory
Aug 25, 2014 1:14:34 AM org.apache.solr.core.CachingDirectoryFactory get
INFO: return new directory for /Users/dbell/work/scheduler/solr/./default/data forceNew: false
Aug 25, 2014 1:14:34 AM org.apache.solr.core.CachingDirectoryFactory get
INFO: return new directory for /Users/dbell/work/scheduler/solr/./development/data forceNew: false
Aug 25, 2014 1:14:34 AM org.apache.solr.core.SolrCore getNewIndexDir
INFO: New index directory detected: old=null new=/Users/dbell/work/scheduler/solr/./default/data/index/
Aug 25, 2014 1:14:34 AM org.apache.solr.core.CachingDirectoryFactory get
INFO: return new directory for /Users/dbell/work/scheduler/solr/./test/data forceNew: false
Aug 25, 2014 1:14:34 AM org.apache.solr.core.SolrCore getNewIndexDir
INFO: New index directory detected: old=null new=/Users/dbell/work/scheduler/solr/./test/data/index/
Aug 25, 2014 1:14:34 AM org.apache.solr.core.CachingDirectoryFactory get
INFO: return new directory for /Users/dbell/work/scheduler/solr/./default/data/index forceNew: false
Aug 25, 2014 1:14:34 AM org.apache.solr.core.CachingDirectoryFactory get
INFO: return new directory for /Users/dbell/work/scheduler/solr/./test/data/index forceNew: false
Aug 25, 2014 1:14:34 AM org.apache.solr.core.SolrCore getNewIndexDir
INFO: New index directory detected: old=null new=/Users/dbell/work/scheduler/solr/./development/data/index/
Aug 25, 2014 1:14:34 AM org.apache.solr.core.CachingDirectoryFactory get
INFO: return new directory for /Users/dbell/work/scheduler/solr/./development/data/index forceNew: false
Aug 25, 2014 1:14:34 AM org.apache.solr.core.RequestHandlers initHandlersFromConfig
INFO: created /select: solr.SearchHandler
Aug 25, 2014 1:14:34 AM org.apache.solr.core.RequestHandlers initHandlersFromConfig
INFO: created /query: solr.SearchHandler
Aug 25, 2014 1:14:34 AM org.apache.solr.core.RequestHandlers initHandlersFromConfig
INFO: created /select: solr.SearchHandler
Aug 25, 2014 1:14:34 AM org.apache.solr.core.RequestHandlers initHandlersFromConfig
INFO: created /query: solr.SearchHandler
Aug 25, 2014 1:14:34 AM org.apache.solr.core.RequestHandlers initHandlersFromConfig
INFO: created /get: solr.RealTimeGetHandler
Aug 25, 2014 1:14:34 AM org.apache.solr.core.RequestHandlers initHandlersFromConfig
INFO: created /select: solr.SearchHandler
Aug 25, 2014 1:14:34 AM org.apache.solr.core.RequestHandlers initHandlersFromConfig
INFO: created /query: solr.SearchHandler
Aug 25, 2014 1:14:34 AM org.apache.solr.core.RequestHandlers initHandlersFromConfig
INFO: created /get: solr.RealTimeGetHandler
Aug 25, 2014 1:14:34 AM org.apache.solr.core.RequestHandlers initHandlersFromConfig
INFO: created /update: solr.UpdateRequestHandler
Aug 25, 2014 1:14:34 AM org.apache.solr.core.RequestHandlers initHandlersFromConfig
INFO: created /update/json: solr.JsonUpdateRequestHandler
Aug 25, 2014 1:14:34 AM org.apache.solr.core.RequestHandlers initHandlersFromConfig
INFO: created /update/csv: solr.CSVRequestHandler
Aug 25, 2014 1:14:34 AM org.apache.solr.core.RequestHandlers initHandlersFromConfig
INFO: adding lazy requestHandler: solr.extraction.ExtractingRequestHandler
Aug 25, 2014 1:14:34 AM org.apache.solr.core.RequestHandlers initHandlersFromConfig
INFO: created /update/extract: solr.extraction.ExtractingRequestHandler
Aug 25, 2014 1:14:34 AM org.apache.solr.core.RequestHandlers initHandlersFromConfig
INFO: adding lazy requestHandler: solr.FieldAnalysisRequestHandler
Aug 25, 2014 1:14:34 AM org.apache.solr.core.RequestHandlers initHandlersFromConfig
INFO: created /analysis/field: solr.FieldAnalysisRequestHandler
Aug 25, 2014 1:14:34 AM org.apache.solr.core.RequestHandlers initHandlersFromConfig
INFO: adding lazy requestHandler: solr.DocumentAnalysisRequestHandler
Aug 25, 2014 1:14:34 AM org.apache.solr.core.RequestHandlers initHandlersFromConfig
INFO: created /analysis/document: solr.DocumentAnalysisRequestHandler
Aug 25, 2014 1:14:34 AM org.apache.solr.core.RequestHandlers initHandlersFromConfig
INFO: created /admin/ping: solr.PingRequestHandler
Aug 25, 2014 1:14:34 AM org.apache.solr.core.RequestHandlers initHandlersFromConfig
INFO: created /debug/dump: solr.DumpRequestHandler
Aug 25, 2014 1:14:34 AM org.apache.solr.core.RequestHandlers initHandlersFromConfig
INFO: created /get: solr.RealTimeGetHandler
Aug 25, 2014 1:14:34 AM org.apache.solr.core.RequestHandlers initHandlersFromConfig
INFO: created /update: solr.UpdateRequestHandler
Aug 25, 2014 1:14:34 AM org.apache.solr.core.RequestHandlers initHandlersFromConfig
INFO: created /update/json: solr.JsonUpdateRequestHandler
Aug 25, 2014 1:14:34 AM org.apache.solr.core.RequestHandlers initHandlersFromConfig
INFO: created /update/csv: solr.CSVRequestHandler
Aug 25, 2014 1:14:34 AM org.apache.solr.core.RequestHandlers initHandlersFromConfig
INFO: adding lazy requestHandler: solr.extraction.ExtractingRequestHandler
Aug 25, 2014 1:14:34 AM org.apache.solr.core.RequestHandlers initHandlersFromConfig
INFO: created /update/extract: solr.extraction.ExtractingRequestHandler
Aug 25, 2014 1:14:34 AM org.apache.solr.core.RequestHandlers initHandlersFromConfig
INFO: adding lazy requestHandler: solr.FieldAnalysisRequestHandler
Aug 25, 2014 1:14:34 AM org.apache.solr.core.RequestHandlers initHandlersFromConfig
INFO: created /analysis/field: solr.FieldAnalysisRequestHandler
Aug 25, 2014 1:14:34 AM org.apache.solr.core.RequestHandlers initHandlersFromConfig
INFO: adding lazy requestHandler: solr.DocumentAnalysisRequestHandler
Aug 25, 2014 1:14:34 AM org.apache.solr.core.RequestHandlers initHandlersFromConfig
INFO: created /analysis/document: solr.DocumentAnalysisRequestHandler
Aug 25, 2014 1:14:34 AM org.apache.solr.core.RequestHandlers initHandlersFromConfig
INFO: created /admin/ping: solr.PingRequestHandler
Aug 25, 2014 1:14:34 AM org.apache.solr.core.RequestHandlers initHandlersFromConfig
INFO: created /debug/dump: solr.DumpRequestHandler
Aug 25, 2014 1:14:34 AM org.apache.solr.core.RequestHandlers initHandlersFromConfig
INFO: created /update: solr.UpdateRequestHandler
Aug 25, 2014 1:14:34 AM org.apache.solr.core.RequestHandlers initHandlersFromConfig
INFO: created /update/json: solr.JsonUpdateRequestHandler
Aug 25, 2014 1:14:34 AM org.apache.solr.core.RequestHandlers initHandlersFromConfig
INFO: created /update/csv: solr.CSVRequestHandler
Aug 25, 2014 1:14:34 AM org.apache.solr.core.RequestHandlers initHandlersFromConfig
INFO: adding lazy requestHandler: solr.extraction.ExtractingRequestHandler
Aug 25, 2014 1:14:34 AM org.apache.solr.core.RequestHandlers initHandlersFromConfig
INFO: created /update/extract: solr.extraction.ExtractingRequestHandler
Aug 25, 2014 1:14:34 AM org.apache.solr.core.RequestHandlers initHandlersFromConfig
INFO: adding lazy requestHandler: solr.FieldAnalysisRequestHandler
Aug 25, 2014 1:14:34 AM org.apache.solr.core.RequestHandlers initHandlersFromConfig
INFO: created /analysis/field: solr.FieldAnalysisRequestHandler
Aug 25, 2014 1:14:34 AM org.apache.solr.core.RequestHandlers initHandlersFromConfig
INFO: adding lazy requestHandler: solr.DocumentAnalysisRequestHandler
Aug 25, 2014 1:14:34 AM org.apache.solr.core.RequestHandlers initHandlersFromConfig
INFO: created /analysis/document: solr.DocumentAnalysisRequestHandler
Aug 25, 2014 1:14:34 AM org.apache.solr.core.RequestHandlers initHandlersFromConfig
INFO: created /admin/ping: solr.PingRequestHandler
Aug 25, 2014 1:14:34 AM org.apache.solr.core.RequestHandlers initHandlersFromConfig
INFO: created /replication: solr.ReplicationHandler
Aug 25, 2014 1:14:34 AM org.apache.solr.core.RequestHandlers initHandlersFromConfig
INFO: created /debug/dump: solr.DumpRequestHandler
Aug 25, 2014 1:14:34 AM org.apache.solr.core.RequestHandlers initHandlersFromConfig
INFO: created /replication: solr.ReplicationHandler
Aug 25, 2014 1:14:34 AM org.apache.solr.core.RequestHandlers initHandlersFromConfig
INFO: created /replication: solr.ReplicationHandler
Aug 25, 2014 1:14:34 AM org.apache.solr.core.RequestHandlers initHandlersFromConfig
INFO: created /mlt: solr.MoreLikeThisHandler
Aug 25, 2014 1:14:34 AM org.apache.solr.core.RequestHandlers initHandlersFromConfig
INFO: created /mlt: solr.MoreLikeThisHandler
Aug 25, 2014 1:14:34 AM org.apache.solr.core.RequestHandlers initHandlersFromConfig
INFO: created /admin/: solr.admin.AdminHandlers
Aug 25, 2014 1:14:35 AM org.apache.solr.core.RequestHandlers initHandlersFromConfig
INFO: created /mlt: solr.MoreLikeThisHandler
Aug 25, 2014 1:14:35 AM org.apache.solr.core.RequestHandlers initHandlersFromConfig
INFO: created /admin/: solr.admin.AdminHandlers
Aug 25, 2014 1:14:35 AM org.apache.solr.core.RequestHandlers initHandlersFromConfig
INFO: created /admin/: solr.admin.AdminHandlers
Aug 25, 2014 1:14:35 AM org.apache.solr.handler.loader.XMLLoader init
INFO: xsltCacheLifetimeSeconds=60
Aug 25, 2014 1:14:35 AM org.apache.solr.handler.loader.XMLLoader init
INFO: xsltCacheLifetimeSeconds=60
Aug 25, 2014 1:14:35 AM org.apache.solr.handler.loader.XMLLoader init
INFO: xsltCacheLifetimeSeconds=60
Aug 25, 2014 1:14:35 AM org.apache.solr.handler.loader.XMLLoader init
INFO: xsltCacheLifetimeSeconds=60
Aug 25, 2014 1:14:35 AM org.apache.solr.handler.loader.XMLLoader init
INFO: xsltCacheLifetimeSeconds=60
Aug 25, 2014 1:14:35 AM org.apache.solr.handler.loader.XMLLoader init
INFO: xsltCacheLifetimeSeconds=60
Aug 25, 2014 1:14:35 AM org.apache.solr.handler.loader.XMLLoader init
INFO: xsltCacheLifetimeSeconds=60
Aug 25, 2014 1:14:35 AM org.apache.solr.handler.loader.XMLLoader init
INFO: xsltCacheLifetimeSeconds=60
Aug 25, 2014 1:14:35 AM org.apache.solr.handler.loader.XMLLoader init
INFO: xsltCacheLifetimeSeconds=60
Aug 25, 2014 1:14:35 AM org.apache.solr.search.SolrIndexSearcher <init>
INFO: Opening Searcher@310dd4c8 main
Aug 25, 2014 1:14:35 AM org.apache.solr.search.SolrIndexSearcher <init>
INFO: Opening Searcher@6d4492fb main
Aug 25, 2014 1:14:35 AM org.apache.solr.search.SolrIndexSearcher <init>
INFO: Opening Searcher@30cafa1 main
Aug 25, 2014 1:14:35 AM org.apache.solr.update.CommitTracker <init>
INFO: Hard AutoCommit: if uncommited for 15000ms; 
Aug 25, 2014 1:14:35 AM org.apache.solr.update.CommitTracker <init>
INFO: Soft AutoCommit: if uncommited for 5000ms; 
Aug 25, 2014 1:14:35 AM org.apache.solr.handler.component.SpellCheckComponent inform
INFO: Initializing spell checkers
Aug 25, 2014 1:14:35 AM org.apache.solr.spelling.DirectSolrSpellChecker init
INFO: init: {name=default,field=name,classname=solr.DirectSolrSpellChecker,distanceMeasure=internal,accuracy=0.5,maxEdits=2,minPrefix=1,maxInspections=5,minQueryLength=4,maxQueryFrequency=0.01}
Aug 25, 2014 1:14:35 AM org.apache.solr.update.CommitTracker <init>
INFO: Hard AutoCommit: if uncommited for 15000ms; 
Aug 25, 2014 1:14:35 AM org.apache.solr.update.CommitTracker <init>
INFO: Soft AutoCommit: if uncommited for 5000ms; 
Aug 25, 2014 1:14:35 AM org.apache.solr.update.CommitTracker <init>
INFO: Hard AutoCommit: if uncommited for 15000ms; 
Aug 25, 2014 1:14:35 AM org.apache.solr.update.CommitTracker <init>
INFO: Soft AutoCommit: if uncommited for 5000ms; 
Aug 25, 2014 1:14:35 AM org.apache.solr.handler.component.SpellCheckComponent inform
INFO: Initializing spell checkers
Aug 25, 2014 1:14:35 AM org.apache.solr.handler.component.SpellCheckComponent inform
INFO: Initializing spell checkers
Aug 25, 2014 1:14:35 AM org.apache.solr.handler.component.SpellCheckComponent inform
INFO: No queryConverter defined, using default converter
Aug 25, 2014 1:14:35 AM org.apache.solr.spelling.DirectSolrSpellChecker init
INFO: init: {name=default,field=name,classname=solr.DirectSolrSpellChecker,distanceMeasure=internal,accuracy=0.5,maxEdits=2,minPrefix=1,maxInspections=5,minQueryLength=4,maxQueryFrequency=0.01}
Aug 25, 2014 1:14:35 AM org.apache.solr.handler.ReplicationHandler inform
INFO: Commits will be reserved for  10000
Aug 25, 2014 1:14:35 AM org.apache.solr.spelling.DirectSolrSpellChecker init
INFO: init: {name=default,field=name,classname=solr.DirectSolrSpellChecker,distanceMeasure=internal,accuracy=0.5,maxEdits=2,minPrefix=1,maxInspections=5,minQueryLength=4,maxQueryFrequency=0.01}
Aug 25, 2014 1:14:35 AM org.apache.solr.handler.component.SpellCheckComponent inform
INFO: No queryConverter defined, using default converter
Aug 25, 2014 1:14:35 AM org.apache.solr.handler.component.SpellCheckComponent inform
INFO: No queryConverter defined, using default converter
Aug 25, 2014 1:14:35 AM org.apache.solr.handler.ReplicationHandler inform
INFO: Commits will be reserved for  10000
Aug 25, 2014 1:14:35 AM org.apache.solr.handler.ReplicationHandler inform
INFO: Commits will be reserved for  10000
Aug 25, 2014 1:14:35 AM org.apache.solr.core.SolrCore registerSearcher
INFO: [default] Registered new searcher Searcher@310dd4c8 main{StandardDirectoryReader(segments_1:1)}
Aug 25, 2014 1:14:35 AM org.apache.solr.core.SolrCore registerSearcher
INFO: [development] Registered new searcher Searcher@30cafa1 main{StandardDirectoryReader(segments_r:21)}
Aug 25, 2014 1:14:35 AM org.apache.solr.core.SolrCore registerSearcher
INFO: [test] Registered new searcher Searcher@6d4492fb main{StandardDirectoryReader(segments_1:1)}
Aug 25, 2014 1:14:35 AM org.apache.solr.core.CoreContainer registerCore
INFO: registering core: test
Aug 25, 2014 1:14:35 AM org.apache.solr.core.CoreContainer registerCore
INFO: registering core: development
Aug 25, 2014 1:14:35 AM org.apache.solr.core.CoreContainer registerCore
INFO: registering core: default
Aug 25, 2014 1:14:35 AM org.apache.solr.servlet.SolrDispatchFilter init
INFO: user.dir=/usr/local/Cellar/ruby/2.1.2_2/lib/ruby/gems/2.1.0/gems/sunspot_solr-2.1.1/solr
Aug 25, 2014 1:14:35 AM org.apache.solr.servlet.SolrDispatchFilter init
INFO: SolrDispatchFilter.init() done
Aug 25, 2014 1:14:45 AM org.apache.solr.core.SolrDeletionPolicy onInit
INFO: SolrDeletionPolicy.onInit: commits:num=1
	commit{dir=NRTCachingDirectory(org.apache.lucene.store.NIOFSDirectory@/Users/dbell/work/scheduler/solr/development/data/index lockFactory=org.apache.lucene.store.NativeFSLockFactory@1f8a6890; maxCacheMB=48.0 maxMergeSizeMB=4.0),segFN=segments_r,generation=27,filenames=[segments_r]
Aug 25, 2014 1:14:45 AM org.apache.solr.core.SolrDeletionPolicy updateCommits
INFO: newest commit = 27[segments_r]
Aug 25, 2014 1:14:45 AM org.apache.solr.search.SolrIndexSearcher <init>
INFO: Opening Searcher@2abbaa16 realtime
Aug 25, 2014 1:14:45 AM org.apache.solr.update.processor.LogUpdateProcessor finish
INFO: [development] webapp=/solr path=/update params={wt=ruby} {deleteByQuery=type:Klass (-1477395858226937856)} 0 525
Aug 25, 2014 1:14:50 AM org.apache.solr.update.DirectUpdateHandler2 commit
INFO: start commit{,optimize=false,openSearcher=true,waitSearcher=true,expungeDeletes=false,softCommit=true,prepareCommit=false}
Aug 25, 2014 1:14:50 AM org.apache.solr.search.SolrIndexSearcher <init>
INFO: Opening Searcher@54edd9de main
Aug 25, 2014 1:14:50 AM org.apache.solr.update.DirectUpdateHandler2 commit
INFO: end_commit_flush
Aug 25, 2014 1:14:50 AM org.apache.solr.core.SolrCore registerSearcher
INFO: [development] Registered new searcher Searcher@54edd9de main{StandardDirectoryReader(segments_r:21:nrt)}
Aug 25, 2014 1:15:00 AM org.apache.solr.update.DirectUpdateHandler2 commit
INFO: start commit{,optimize=false,openSearcher=false,waitSearcher=true,expungeDeletes=false,softCommit=false,prepareCommit=false}
Aug 25, 2014 1:15:00 AM org.apache.solr.core.SolrDeletionPolicy onCommit
INFO: SolrDeletionPolicy.onCommit: commits:num=2
	commit{dir=NRTCachingDirectory(org.apache.lucene.store.NIOFSDirectory@/Users/dbell/work/scheduler/solr/development/data/index lockFactory=org.apache.lucene.store.NativeFSLockFactory@1f8a6890; maxCacheMB=48.0 maxMergeSizeMB=4.0),segFN=segments_r,generation=27,filenames=[segments_r]
	commit{dir=NRTCachingDirectory(org.apache.lucene.store.NIOFSDirectory@/Users/dbell/work/scheduler/solr/development/data/index lockFactory=org.apache.lucene.store.NativeFSLockFactory@1f8a6890; maxCacheMB=48.0 maxMergeSizeMB=4.0),segFN=segments_s,generation=28,filenames=[segments_s]
Aug 25, 2014 1:15:00 AM org.apache.solr.core.SolrDeletionPolicy updateCommits
INFO: newest commit = 28[segments_s]
Aug 25, 2014 1:15:00 AM org.apache.solr.update.DirectUpdateHandler2 commit
INFO: end_commit_flush
Aug 25, 2014 1:16:35 AM org.apache.solr.update.processor.LogUpdateProcessor finish
INFO: [development] webapp=/solr path=/update params={wt=ruby} {deleteByQuery=type:Klass (-1477395973738070016)} 0 1
Aug 25, 2014 1:16:40 AM org.apache.solr.update.DirectUpdateHandler2 commit
INFO: start commit{,optimize=false,openSearcher=true,waitSearcher=true,expungeDeletes=false,softCommit=true,prepareCommit=false}
Aug 25, 2014 1:16:40 AM org.apache.solr.search.SolrIndexSearcher <init>
INFO: Opening Searcher@7831d5e2 main
Aug 25, 2014 1:16:40 AM org.apache.solr.update.DirectUpdateHandler2 commit
INFO: end_commit_flush
Aug 25, 2014 1:16:40 AM org.apache.solr.core.SolrCore registerSearcher
INFO: [development] Registered new searcher Searcher@7831d5e2 main{StandardDirectoryReader(segments_r:21:nrt)}
Aug 25, 2014 1:16:50 AM org.apache.solr.update.DirectUpdateHandler2 commit
INFO: start commit{,optimize=false,openSearcher=false,waitSearcher=true,expungeDeletes=false,softCommit=false,prepareCommit=false}
Aug 25, 2014 1:16:50 AM org.apache.solr.core.SolrDeletionPolicy onCommit
INFO: SolrDeletionPolicy.onCommit: commits:num=2
	commit{dir=NRTCachingDirectory(org.apache.lucene.store.NIOFSDirectory@/Users/dbell/work/scheduler/solr/development/data/index lockFactory=org.apache.lucene.store.NativeFSLockFactory@1f8a6890; maxCacheMB=48.0 maxMergeSizeMB=4.0),segFN=segments_s,generation=28,filenames=[segments_s]
	commit{dir=NRTCachingDirectory(org.apache.lucene.store.NIOFSDirectory@/Users/dbell/work/scheduler/solr/development/data/index lockFactory=org.apache.lucene.store.NativeFSLockFactory@1f8a6890; maxCacheMB=48.0 maxMergeSizeMB=4.0),segFN=segments_t,generation=29,filenames=[segments_t]
Aug 25, 2014 1:16:50 AM org.apache.solr.core.SolrDeletionPolicy updateCommits
INFO: newest commit = 29[segments_t]
Aug 25, 2014 1:16:50 AM org.apache.solr.update.DirectUpdateHandler2 commit
INFO: end_commit_flush
Aug 25, 2014 1:17:21 AM org.apache.solr.update.processor.LogUpdateProcessor finish
INFO: [development] webapp=/solr path=/update params={wt=ruby} {deleteByQuery=type:Klass (-1477396022112026624)} 0 3
Aug 25, 2014 1:17:26 AM org.apache.solr.update.DirectUpdateHandler2 commit
INFO: start commit{,optimize=false,openSearcher=true,waitSearcher=true,expungeDeletes=false,softCommit=true,prepareCommit=false}
Aug 25, 2014 1:17:26 AM org.apache.solr.search.SolrIndexSearcher <init>
INFO: Opening Searcher@4332b67c main
Aug 25, 2014 1:17:26 AM org.apache.solr.update.DirectUpdateHandler2 commit
INFO: end_commit_flush
Aug 25, 2014 1:17:26 AM org.apache.solr.core.SolrCore registerSearcher
INFO: [development] Registered new searcher Searcher@4332b67c main{StandardDirectoryReader(segments_r:21:nrt)}
Aug 25, 2014 1:17:36 AM org.apache.solr.update.DirectUpdateHandler2 commit
INFO: start commit{,optimize=false,openSearcher=false,waitSearcher=true,expungeDeletes=false,softCommit=false,prepareCommit=false}
Aug 25, 2014 1:17:36 AM org.apache.solr.core.SolrDeletionPolicy onCommit
INFO: SolrDeletionPolicy.onCommit: commits:num=2
	commit{dir=NRTCachingDirectory(org.apache.lucene.store.NIOFSDirectory@/Users/dbell/work/scheduler/solr/development/data/index lockFactory=org.apache.lucene.store.NativeFSLockFactory@1f8a6890; maxCacheMB=48.0 maxMergeSizeMB=4.0),segFN=segments_t,generation=29,filenames=[segments_t]
	commit{dir=NRTCachingDirectory(org.apache.lucene.store.NIOFSDirectory@/Users/dbell/work/scheduler/solr/development/data/index lockFactory=org.apache.lucene.store.NativeFSLockFactory@1f8a6890; maxCacheMB=48.0 maxMergeSizeMB=4.0),segFN=segments_u,generation=30,filenames=[segments_u]
Aug 25, 2014 1:17:36 AM org.apache.solr.core.SolrDeletionPolicy updateCommits
INFO: newest commit = 30[segments_u]
Aug 25, 2014 1:17:36 AM org.apache.solr.update.DirectUpdateHandler2 commit
INFO: end_commit_flush
Aug 25, 2014 1:23:29 AM org.apache.solr.update.processor.LogUpdateProcessor finish
INFO: [development] webapp=/solr path=/update params={wt=ruby} {deleteByQuery=type:Klass (-1477396408057200640)} 0 1
Aug 25, 2014 1:23:34 AM org.apache.solr.update.DirectUpdateHandler2 commit
INFO: start commit{,optimize=false,openSearcher=true,waitSearcher=true,expungeDeletes=false,softCommit=true,prepareCommit=false}
Aug 25, 2014 1:23:34 AM org.apache.solr.search.SolrIndexSearcher <init>
INFO: Opening Searcher@2b735f84 main
Aug 25, 2014 1:23:34 AM org.apache.solr.update.DirectUpdateHandler2 commit
INFO: end_commit_flush
Aug 25, 2014 1:23:34 AM org.apache.solr.core.SolrCore registerSearcher
INFO: [development] Registered new searcher Searcher@2b735f84 main{StandardDirectoryReader(segments_r:21:nrt)}
Aug 25, 2014 1:23:44 AM org.apache.solr.update.DirectUpdateHandler2 commit
INFO: start commit{,optimize=false,openSearcher=false,waitSearcher=true,expungeDeletes=false,softCommit=false,prepareCommit=false}
Aug 25, 2014 1:23:44 AM org.apache.solr.core.SolrDeletionPolicy onCommit
INFO: SolrDeletionPolicy.onCommit: commits:num=2
	commit{dir=NRTCachingDirectory(org.apache.lucene.store.NIOFSDirectory@/Users/dbell/work/scheduler/solr/development/data/index lockFactory=org.apache.lucene.store.NativeFSLockFactory@1f8a6890; maxCacheMB=48.0 maxMergeSizeMB=4.0),segFN=segments_u,generation=30,filenames=[segments_u]
	commit{dir=NRTCachingDirectory(org.apache.lucene.store.NIOFSDirectory@/Users/dbell/work/scheduler/solr/development/data/index lockFactory=org.apache.lucene.store.NativeFSLockFactory@1f8a6890; maxCacheMB=48.0 maxMergeSizeMB=4.0),segFN=segments_v,generation=31,filenames=[segments_v]
Aug 25, 2014 1:23:44 AM org.apache.solr.core.SolrDeletionPolicy updateCommits
INFO: newest commit = 31[segments_v]
Aug 25, 2014 1:23:44 AM org.apache.solr.update.DirectUpdateHandler2 commit
INFO: end_commit_flush
Aug 25, 2014 1:25:24 AM org.apache.solr.update.processor.LogUpdateProcessor finish
INFO: [development] webapp=/solr path=/update params={wt=ruby} {deleteByQuery=type:Klass (-1477396528135929856)} 0 2
Aug 25, 2014 1:25:29 AM org.apache.solr.update.DirectUpdateHandler2 commit
INFO: start commit{,optimize=false,openSearcher=true,waitSearcher=true,expungeDeletes=false,softCommit=true,prepareCommit=false}
Aug 25, 2014 1:25:29 AM org.apache.solr.search.SolrIndexSearcher <init>
INFO: Opening Searcher@5a335053 main
Aug 25, 2014 1:25:29 AM org.apache.solr.update.DirectUpdateHandler2 commit
INFO: end_commit_flush
Aug 25, 2014 1:25:29 AM org.apache.solr.core.SolrCore registerSearcher
INFO: [development] Registered new searcher Searcher@5a335053 main{StandardDirectoryReader(segments_r:21:nrt)}
Aug 25, 2014 1:25:39 AM org.apache.solr.update.DirectUpdateHandler2 commit
INFO: start commit{,optimize=false,openSearcher=false,waitSearcher=true,expungeDeletes=false,softCommit=false,prepareCommit=false}
Aug 25, 2014 1:25:39 AM org.apache.solr.core.SolrDeletionPolicy onCommit
INFO: SolrDeletionPolicy.onCommit: commits:num=2
	commit{dir=NRTCachingDirectory(org.apache.lucene.store.NIOFSDirectory@/Users/dbell/work/scheduler/solr/development/data/index lockFactory=org.apache.lucene.store.NativeFSLockFactory@1f8a6890; maxCacheMB=48.0 maxMergeSizeMB=4.0),segFN=segments_v,generation=31,filenames=[segments_v]
	commit{dir=NRTCachingDirectory(org.apache.lucene.store.NIOFSDirectory@/Users/dbell/work/scheduler/solr/development/data/index lockFactory=org.apache.lucene.store.NativeFSLockFactory@1f8a6890; maxCacheMB=48.0 maxMergeSizeMB=4.0),segFN=segments_w,generation=32,filenames=[segments_w]
Aug 25, 2014 1:25:39 AM org.apache.solr.core.SolrDeletionPolicy updateCommits
INFO: newest commit = 32[segments_w]
Aug 25, 2014 1:25:39 AM org.apache.solr.update.DirectUpdateHandler2 commit
INFO: end_commit_flush
Aug 25, 2014 1:28:11 AM org.apache.solr.update.processor.LogUpdateProcessor finish
INFO: [development] webapp=/solr path=/update params={wt=ruby} {deleteByQuery=type:Klass (-1477396703747244032)} 0 1
Aug 25, 2014 1:28:11 AM org.apache.solr.update.processor.LogUpdateProcessor finish
INFO: [development] webapp=/solr path=/update params={wt=ruby} {add=[Klass 1 (1477396703794429952), Klass 2 (1477396703834275840)]} 0 42
Aug 25, 2014 1:28:11 AM org.apache.solr.update.DirectUpdateHandler2 commit
INFO: start commit{,optimize=false,openSearcher=true,waitSearcher=true,expungeDeletes=false,softCommit=false,prepareCommit=false}
Aug 25, 2014 1:28:11 AM org.apache.solr.core.SolrDeletionPolicy onCommit
INFO: SolrDeletionPolicy.onCommit: commits:num=2
	commit{dir=NRTCachingDirectory(org.apache.lucene.store.NIOFSDirectory@/Users/dbell/work/scheduler/solr/development/data/index lockFactory=org.apache.lucene.store.NativeFSLockFactory@1f8a6890; maxCacheMB=48.0 maxMergeSizeMB=4.0),segFN=segments_w,generation=32,filenames=[segments_w]
	commit{dir=NRTCachingDirectory(org.apache.lucene.store.NIOFSDirectory@/Users/dbell/work/scheduler/solr/development/data/index lockFactory=org.apache.lucene.store.NativeFSLockFactory@1f8a6890; maxCacheMB=48.0 maxMergeSizeMB=4.0),segFN=segments_x,generation=33,filenames=[_5.si, _5.fdt, _5.nvm, _5.fnm, _5_Lucene41_0.tim, _5_Lucene41_0.pos, _5_Lucene41_0.tip, _5_Lucene41_0.doc, _5.fdx, _5.nvd, segments_x]
Aug 25, 2014 1:28:11 AM org.apache.solr.core.SolrDeletionPolicy updateCommits
INFO: newest commit = 33[_5.si, _5.fdt, _5.nvm, _5.fnm, _5_Lucene41_0.tim, _5_Lucene41_0.pos, _5_Lucene41_0.tip, _5_Lucene41_0.doc, _5.fdx, _5.nvd, segments_x]
Aug 25, 2014 1:28:12 AM org.apache.solr.search.SolrIndexSearcher <init>
INFO: Opening Searcher@db951f2 main
Aug 25, 2014 1:28:12 AM org.apache.solr.core.SolrCore registerSearcher
INFO: [development] Registered new searcher Searcher@db951f2 main{StandardDirectoryReader(segments_x:23:nrt _5(4.2):C2)}
Aug 25, 2014 1:28:12 AM org.apache.solr.update.DirectUpdateHandler2 commit
INFO: end_commit_flush
Aug 25, 2014 1:28:12 AM org.apache.solr.update.processor.LogUpdateProcessor finish
INFO: [development] webapp=/solr path=/update params={wt=ruby} {commit=} 0 353
Aug 25, 2014 1:28:12 AM org.apache.solr.update.processor.LogUpdateProcessor finish
INFO: [development] webapp=/solr path=/update params={wt=ruby} {deleteByQuery=type:Section (-1477396704344932352)} 0 13
Aug 25, 2014 1:28:12 AM org.apache.solr.update.processor.LogUpdateProcessor finish
INFO: [development] webapp=/solr path=/update params={wt=ruby} {add=[Section 1 (1477396704398409728), Section 2 (1477396704400506880)]} 0 4
Aug 25, 2014 1:28:12 AM org.apache.solr.update.DirectUpdateHandler2 commit
INFO: start commit{,optimize=false,openSearcher=true,waitSearcher=true,expungeDeletes=false,softCommit=false,prepareCommit=false}
Aug 25, 2014 1:28:12 AM org.apache.solr.core.SolrDeletionPolicy onCommit
INFO: SolrDeletionPolicy.onCommit: commits:num=2
	commit{dir=NRTCachingDirectory(org.apache.lucene.store.NIOFSDirectory@/Users/dbell/work/scheduler/solr/development/data/index lockFactory=org.apache.lucene.store.NativeFSLockFactory@1f8a6890; maxCacheMB=48.0 maxMergeSizeMB=4.0),segFN=segments_x,generation=33,filenames=[_5.si, _5.fdt, _5.nvm, _5.fnm, _5_Lucene41_0.tim, _5_Lucene41_0.pos, _5_Lucene41_0.tip, _5_Lucene41_0.doc, _5.fdx, _5.nvd, segments_x]
	commit{dir=NRTCachingDirectory(org.apache.lucene.store.NIOFSDirectory@/Users/dbell/work/scheduler/solr/development/data/index lockFactory=org.apache.lucene.store.NativeFSLockFactory@1f8a6890; maxCacheMB=48.0 maxMergeSizeMB=4.0),segFN=segments_y,generation=34,filenames=[_6.nvd, _5.fnm, _5.fdt, _5_Lucene41_0.tim, _5_Lucene41_0.tip, _5_Lucene41_0.pos, _6.fdx, _6_Lucene41_0.doc, _6.nvm, _6_Lucene41_0.tim, _6_Lucene41_0.tip, _5.si, _5.nvm, _5_Lucene41_0.doc, _5.fdx, _6.si, _6.fnm, _5.nvd, _6.fdt, _6_Lucene41_0.pos, segments_y]
Aug 25, 2014 1:28:12 AM org.apache.solr.core.SolrDeletionPolicy updateCommits
INFO: newest commit = 34[_6.nvd, _5.fnm, _5.fdt, _5_Lucene41_0.tim, _5_Lucene41_0.tip, _5_Lucene41_0.pos, _6.fdx, _6_Lucene41_0.doc, _6.nvm, _6_Lucene41_0.tim, _6_Lucene41_0.tip, _5.si, _5.nvm, _5_Lucene41_0.doc, _5.fdx, _6.si, _6.fnm, _5.nvd, _6.fdt, _6_Lucene41_0.pos, segments_y]
Aug 25, 2014 1:28:12 AM org.apache.solr.search.SolrIndexSearcher <init>
INFO: Opening Searcher@6e9c2192 main
Aug 25, 2014 1:28:12 AM org.apache.solr.core.SolrCore registerSearcher
INFO: [development] Registered new searcher Searcher@6e9c2192 main{StandardDirectoryReader(segments_y:25:nrt _5(4.2):C2 _6(4.2):C2)}
Aug 25, 2014 1:28:12 AM org.apache.solr.update.DirectUpdateHandler2 commit
INFO: end_commit_flush
Aug 25, 2014 1:28:12 AM org.apache.solr.update.processor.LogUpdateProcessor finish
INFO: [development] webapp=/solr path=/update params={wt=ruby} {commit=} 0 291
Aug 25, 2014 1:28:12 AM org.apache.solr.update.processor.LogUpdateProcessor finish
INFO: [development] webapp=/solr path=/update params={wt=ruby} {deleteByQuery=type:Teacher (-1477396704715079680)} 0 2
Aug 25, 2014 1:28:12 AM org.apache.solr.update.processor.LogUpdateProcessor finish
INFO: [development] webapp=/solr path=/update params={wt=ruby} {add=[Teacher 1 (1477396704724516864), Teacher 2 (1477396704726614016)]} 0 2
Aug 25, 2014 1:28:12 AM org.apache.solr.update.DirectUpdateHandler2 commit
INFO: start commit{,optimize=false,openSearcher=true,waitSearcher=true,expungeDeletes=false,softCommit=false,prepareCommit=false}
Aug 25, 2014 1:28:12 AM org.apache.solr.core.SolrDeletionPolicy onCommit
INFO: SolrDeletionPolicy.onCommit: commits:num=2
	commit{dir=NRTCachingDirectory(org.apache.lucene.store.NIOFSDirectory@/Users/dbell/work/scheduler/solr/development/data/index lockFactory=org.apache.lucene.store.NativeFSLockFactory@1f8a6890; maxCacheMB=48.0 maxMergeSizeMB=4.0),segFN=segments_y,generation=34,filenames=[_6.nvd, _5.fnm, _5.fdt, _5_Lucene41_0.tim, _5_Lucene41_0.tip, _5_Lucene41_0.pos, _6.fdx, _6_Lucene41_0.doc, _6.nvm, _6_Lucene41_0.tim, _6_Lucene41_0.tip, _5.si, _5.nvm, _5_Lucene41_0.doc, _5.fdx, _6.si, _6.fnm, _5.nvd, _6.fdt, _6_Lucene41_0.pos, segments_y]
	commit{dir=NRTCachingDirectory(org.apache.lucene.store.NIOFSDirectory@/Users/dbell/work/scheduler/solr/development/data/index lockFactory=org.apache.lucene.store.NativeFSLockFactory@1f8a6890; maxCacheMB=48.0 maxMergeSizeMB=4.0),segFN=segments_z,generation=35,filenames=[_5.fdt, _5_Lucene41_0.tim, _5_Lucene41_0.pos, _5_Lucene41_0.tip, _6.fdx, _7.si, _7_Lucene41_0.pos, _6_Lucene41_0.tim, _6_Lucene41_0.tip, _7.fnm, _5.nvm, _5_Lucene41_0.doc, _5.nvd, _7_Lucene41_0.doc, _6.nvd, _5.fnm, _6_Lucene41_0.doc, _7.fdx, _6.nvm, _7.fdt, _5.si, _7.nvd, _5.fdx, _7_Lucene41_0.tim, _6.fnm, _6.si, _7_Lucene41_0.tip, segments_z, _6.fdt, _6_Lucene41_0.pos, _7.nvm]
Aug 25, 2014 1:28:12 AM org.apache.solr.core.SolrDeletionPolicy updateCommits
INFO: newest commit = 35[_5.fdt, _5_Lucene41_0.tim, _5_Lucene41_0.pos, _5_Lucene41_0.tip, _6.fdx, _7.si, _7_Lucene41_0.pos, _6_Lucene41_0.tim, _6_Lucene41_0.tip, _7.fnm, _5.nvm, _5_Lucene41_0.doc, _5.nvd, _7_Lucene41_0.doc, _6.nvd, _5.fnm, _6_Lucene41_0.doc, _7.fdx, _6.nvm, _7.fdt, _5.si, _7.nvd, _5.fdx, _7_Lucene41_0.tim, _6.fnm, _6.si, _7_Lucene41_0.tip, segments_z, _6.fdt, _6_Lucene41_0.pos, _7.nvm]
Aug 25, 2014 1:28:12 AM org.apache.solr.search.SolrIndexSearcher <init>
INFO: Opening Searcher@7aaf8b32 main
Aug 25, 2014 1:28:12 AM org.apache.solr.core.SolrCore registerSearcher
INFO: [development] Registered new searcher Searcher@7aaf8b32 main{StandardDirectoryReader(segments_z:27:nrt _5(4.2):C2 _6(4.2):C2 _7(4.2):C2)}
Aug 25, 2014 1:28:12 AM org.apache.solr.update.DirectUpdateHandler2 commit
INFO: end_commit_flush
Aug 25, 2014 1:28:12 AM org.apache.solr.update.processor.LogUpdateProcessor finish
INFO: [development] webapp=/solr path=/update params={wt=ruby} {commit=} 0 291
Aug 25, 2014 1:31:41 AM org.apache.solr.search.SolrIndexSearcher <init>
INFO: Opening Searcher@1286d597 realtime
Aug 25, 2014 1:31:41 AM org.apache.solr.update.processor.LogUpdateProcessor finish
INFO: [development] webapp=/solr path=/update params={wt=ruby} {deleteByQuery=type:Klass (-1477396923627339776)} 0 13
Aug 25, 2014 1:31:46 AM org.apache.solr.update.DirectUpdateHandler2 commit
INFO: start commit{,optimize=false,openSearcher=true,waitSearcher=true,expungeDeletes=false,softCommit=true,prepareCommit=false}
Aug 25, 2014 1:31:46 AM org.apache.solr.search.SolrIndexSearcher <init>
INFO: Opening Searcher@1e646bfb main
Aug 25, 2014 1:31:46 AM org.apache.solr.update.DirectUpdateHandler2 commit
INFO: end_commit_flush
Aug 25, 2014 1:31:46 AM org.apache.solr.core.SolrCore registerSearcher
INFO: [development] Registered new searcher Searcher@1e646bfb main{StandardDirectoryReader(segments_z:29:nrt _6(4.2):C2 _7(4.2):C2)}
Aug 25, 2014 1:31:56 AM org.apache.solr.update.DirectUpdateHandler2 commit
INFO: start commit{,optimize=false,openSearcher=false,waitSearcher=true,expungeDeletes=false,softCommit=false,prepareCommit=false}
Aug 25, 2014 1:31:56 AM org.apache.solr.core.SolrDeletionPolicy onCommit
INFO: SolrDeletionPolicy.onCommit: commits:num=2
	commit{dir=NRTCachingDirectory(org.apache.lucene.store.NIOFSDirectory@/Users/dbell/work/scheduler/solr/development/data/index lockFactory=org.apache.lucene.store.NativeFSLockFactory@1f8a6890; maxCacheMB=48.0 maxMergeSizeMB=4.0),segFN=segments_z,generation=35,filenames=[_5.fdt, _5_Lucene41_0.tim, _5_Lucene41_0.pos, _5_Lucene41_0.tip, _6.fdx, _7.si, _7_Lucene41_0.pos, _6_Lucene41_0.tim, _6_Lucene41_0.tip, _7.fnm, _5.nvm, _5_Lucene41_0.doc, _5.nvd, _7_Lucene41_0.doc, _6.nvd, _5.fnm, _6_Lucene41_0.doc, _7.fdx, _6.nvm, _7.fdt, _5.si, _7.nvd, _5.fdx, _7_Lucene41_0.tim, _6.fnm, _6.si, _7_Lucene41_0.tip, segments_z, _6.fdt, _6_Lucene41_0.pos, _7.nvm]
	commit{dir=NRTCachingDirectory(org.apache.lucene.store.NIOFSDirectory@/Users/dbell/work/scheduler/solr/development/data/index lockFactory=org.apache.lucene.store.NativeFSLockFactory@1f8a6890; maxCacheMB=48.0 maxMergeSizeMB=4.0),segFN=segments_10,generation=36,filenames=[_6.nvd, segments_10, _6.fdx, _6_Lucene41_0.doc, _7.si, _7.fdx, _7_Lucene41_0.pos, _6.nvm, _6_Lucene41_0.tim, _6_Lucene41_0.tip, _7.fdt, _7.fnm, _7.nvd, _7_Lucene41_0.tim, _6.fnm, _6.si, _7_Lucene41_0.tip, _6.fdt, _6_Lucene41_0.pos, _7_Lucene41_0.doc, _7.nvm]
Aug 25, 2014 1:31:56 AM org.apache.solr.core.SolrDeletionPolicy updateCommits
INFO: newest commit = 36[_6.nvd, segments_10, _6.fdx, _6_Lucene41_0.doc, _7.si, _7.fdx, _7_Lucene41_0.pos, _6.nvm, _6_Lucene41_0.tim, _6_Lucene41_0.tip, _7.fdt, _7.fnm, _7.nvd, _7_Lucene41_0.tim, _6.fnm, _6.si, _7_Lucene41_0.tip, _6.fdt, _6_Lucene41_0.pos, _7_Lucene41_0.doc, _7.nvm]
Aug 25, 2014 1:31:56 AM org.apache.solr.update.DirectUpdateHandler2 commit
INFO: end_commit_flush
